<?xml version="1.0" encoding="UTF-8"?>
<!-- Generated by org.testng.reporters.JUnitReportReporter -->
<testsuite hostname="DESKTOP-1HEMD6A" failures="0" tests="1" name="com.page.validateTitle" time="0.088" errors="0" timestamp="2021-06-10T16:40:53 IST" skipped="0">
  <testcase classname="com.page.validateTitle" name="ValidationTitle" time="0.088"/>
  <system-out/>
</testsuite> <!-- com.page.validateTitle -->
