<?xml version="1.0" encoding="UTF-8"?>
<!-- Generated by org.testng.reporters.JUnitReportReporter -->
<testsuite hostname="DESKTOP-1HEMD6A" failures="0" tests="1" name="com.page.ValidateAddtocartitems" time="8.887" errors="0" timestamp="2021-06-10T16:40:53 IST" skipped="0">
  <testcase classname="com.page.ValidateAddtocartitems" name="Checkout" time="8.887"/>
  <system-out/>
</testsuite> <!-- com.page.ValidateAddtocartitems -->
